# JRE version: Java(TM) SE Runtime Environment (11.0.6+8) (build 11.0.6+8-LTS)
# Java VM: Java HotSpot(TM) 64-Bit Server VM (11.0.6+8-LTS, mixed mode, tiered, compressed oops, g1 gc, windows-amd64)
Heap:
 garbage-first heap   total 131072K, used 10698K [0x0000000080c00000, 0x0000000100000000)
  region size 1024K, 6 young (6144K), 6 survivors (6144K)
 Metaspace       used 27752K, capacity 28382K, committed 28464K, reserved 1085440K
  class space    used 3157K, capacity 3422K, committed 3456K, reserved 1048576K
GC Heap History (10 events):
Event: 0.866 GC heap before
{Heap before GC invocations=0 (full 0):
 garbage-first heap   total 131072K, used 13312K [0x0000000080c00000, 0x0000000100000000)
  region size 1024K, 14 young (14336K), 0 survivors (0K)
 Metaspace       used 10433K, capacity 10709K, committed 10880K, reserved 1058816K
  class space    used 1019K, capacity 1103K, committed 1152K, reserved 1048576K
}
Event: 0.871 GC heap after
{Heap after GC invocations=1 (full 0):
 garbage-first heap   total 131072K, used 5225K [0x0000000080c00000, 0x0000000100000000)
  region size 1024K, 2 young (2048K), 2 survivors (2048K)
 Metaspace       used 10433K, capacity 10709K, committed 10880K, reserved 1058816K
  class space    used 1019K, capacity 1103K, committed 1152K, reserved 1048576K
}
Event: 1.112 GC heap before
{Heap before GC invocations=1 (full 0):
 garbage-first heap   total 131072K, used 15465K [0x0000000080c00000, 0x0000000100000000)
  region size 1024K, 12 young (12288K), 2 survivors (2048K)
 Metaspace       used 12029K, capacity 12554K, committed 12800K, reserved 1060864K
  class space    used 1283K, capacity 1492K, committed 1536K, reserved 1048576K
}
Event: 1.115 GC heap after
{Heap after GC invocations=2 (full 0):
 garbage-first heap   total 131072K, used 5655K [0x0000000080c00000, 0x0000000100000000)
  region size 1024K, 1 young (1024K), 1 survivors (1024K)
 Metaspace       used 12029K, capacity 12554K, committed 12800K, reserved 1060864K
  class space    used 1283K, capacity 1492K, committed 1536K, reserved 1048576K
}
Event: 1.723 GC heap before
{Heap before GC invocations=2 (full 0):
 garbage-first heap   total 131072K, used 32279K [0x0000000080c00000, 0x0000000100000000)
  region size 1024K, 28 young (28672K), 1 survivors (1024K)
 Metaspace       used 18184K, capacity 18794K, committed 19072K, reserved 1067008K
  class space    used 2073K, capacity 2321K, committed 2432K, reserved 1048576K
}
Event: 1.727 GC heap after
{Heap after GC invocations=3 (full 0):
 garbage-first heap   total 131072K, used 7396K [0x0000000080c00000, 0x0000000100000000)
  region size 1024K, 3 young (3072K), 3 survivors (3072K)
 Metaspace       used 18184K, capacity 18794K, committed 19072K, reserved 1067008K
  class space    used 2073K, capacity 2321K, committed 2432K, reserved 1048576K
}
Event: 2.142 GC heap before
{Heap before GC invocations=3 (full 0):
 garbage-first heap   total 131072K, used 20708K [0x0000000080c00000, 0x0000000100000000)
  region size 1024K, 17 young (17408K), 3 survivors (3072K)
 Metaspace       used 20590K, capacity 21182K, committed 21296K, reserved 1069056K
  class space    used 2388K, capacity 2667K, committed 2688K, reserved 1048576K
}
Event: 2.146 GC heap after
{Heap after GC invocations=4 (full 0):
 garbage-first heap   total 131072K, used 7855K [0x0000000080c00000, 0x0000000100000000)
  region size 1024K, 3 young (3072K), 3 survivors (3072K)
 Metaspace       used 20590K, capacity 21182K, committed 21296K, reserved 1069056K
  class space    used 2388K, capacity 2667K, committed 2688K, reserved 1048576K
}
Event: 2.949 GC heap before
{Heap before GC invocations=5 (full 0):
 garbage-first heap   total 131072K, used 23215K [0x0000000080c00000, 0x0000000100000000)
  region size 1024K, 19 young (19456K), 3 survivors (3072K)
 Metaspace       used 27752K, capacity 28382K, committed 28464K, reserved 1083392K
  class space    used 3157K, capacity 3422K, committed 3456K, reserved 1048576K
}
Event: 2.955 GC heap after
{Heap after GC invocations=6 (full 0):
 garbage-first heap   total 131072K, used 10698K [0x0000000080c00000, 0x0000000100000000)
  region size 1024K, 6 young (6144K), 6 survivors (6144K)
 Metaspace       used 27752K, capacity 28382K, committed 28464K, reserved 1083392K
  class space    used 3157K, capacity 3422K, committed 3456K, reserved 1048576K
}

